<?xml version="1.0" encoding="UTF-8"?>
<testsuite name="sk.javakurz.kniznica.KniznicaApplicationTest" tests="1" skipped="0" failures="0" errors="0" timestamp="2023-05-13T10:10:44" hostname="ZDENO" time="0.032">
  <properties/>
  <testcase name="test()" classname="sk.javakurz.kniznica.KniznicaApplicationTest" time="0.032"/>
  <system-out><![CDATA[]]></system-out>
  <system-err><![CDATA[]]></system-err>
</testsuite>
